we saved 15 total links from http://feeds.huffingtonpost.com/huffingtonpost/raw_feed
we saved 10 total links from http://feeds.huffingtonpost.com/huffingtonpost/LatestNews
we saved 15 total links from http://feeds.huffingtonpost.com/huffingtonpost/TheBlog
we saved 3 total links from http://feeds.huffingtonpost.com/FeaturedPosts
we saved 20 total links from http://www.huffingtonpost.com/feeds/original_posts/index.xml
we saved 1 total links from http://www.huffingtonpost.com/wires/full_index.rdf
we saved 53 total links from http://rss.cnn.com/rss/cnn_topstories.rss
we saved 20 total links from http://rss.cnn.com/rss/cnn_latest.rss
we saved 4 total links from http://rss.time.com/web/time/rss/top/index.xml
we saved 21 total links from http://pandodaily.com/feed/
we saved 10 total links from http://pandodaily.com/comments/feed/
we saved 38 total links from http://feeds.feedburner.com/foxnews/latest
we saved 20 total links from http://feeds.feedburner.com/TechCrunch
''
''
we saved 73 total links from http://feeds.bbci.co.uk/news/rss.xml
we saved 2 total links from http://feeds.feedburner.com/AtlanticPoliticsChannel
we saved 7 total links from http://feeds.feedburner.com/AtlanticScienceAndTechnology
we saved 25 total links from http://www.vice.com/en_au/rss
feedparser unable to parse
(1062, "Duplicate entry 'http://i.imgur.com/SML4lX9.jpg' for key 'url'")
(1062, "Duplicate entry 'http://imgur.com/EO4y2MX' for key 'url'")
(1062, "Duplicate entry 'http://i.imgur.com/WwLDEj1.gif' for key 'url'")
(1062, "Duplicate entry 'http://i.imgur.com/N7XcRMC.jpg' for key 'url'")
(1062, "Duplicate entry 'http://www.engadget.com/2013/11/01/delta-and-jetblue-get-approva' for key 'url'")
(1062, "Duplicate entry 'http://vimeo.com/74514464' for key 'url'")
(1062, "Duplicate entry 'http://www.usatoday.com/story/news/nation/2013/11/01/dawson-ga-m' for key 'url'")
(1062, "Duplicate entry 'http://imgur.com/EO4y2MX' for key 'url'")
(1062, "Duplicate entry 'http://i.imgur.com/SML4lX9.jpg' for key 'url'")
(1062, "Duplicate entry 'http://i.imgur.com/tjYzgAL.jpg' for key 'url'")
(1062, "Duplicate entry 'http://imgur.com/WkO2X1p' for key 'url'")
(1062, "Duplicate entry 'http://www.twitch.tv/vicerye' for key 'url'")
(1062, "Duplicate entry 'http://www.thenational.ae/uae/government/fnc-wants-tougher-laws-' for key 'url'")
(1062, "Duplicate entry 'http://www.usatoday.com/story/news/nation/2013/11/01/dawson-ga-m' for key 'url'")
(1062, "Duplicate entry 'http://www.theguardian.com/world/2013/nov/01/nsa-data-collection' for key 'url'")
(1062, "Duplicate entry 'http://www.engadget.com/2013/11/01/delta-and-jetblue-get-approva' for key 'url'")
(1062, "Duplicate entry 'http://www.geek.com/apps/chinese-appliances-are-shipping-with-ma' for key 'url'")
(1062, "Duplicate entry 'http://www.reddit.com/r/science/comments/1pmv3w/verified_user_ac' for key 'url'")
(1062, "Duplicate entry 'http://www-public.jcu.edu.au/news/current/JCU_130192' for key 'url'")
(1062, "Duplicate entry 'http://www.itechpost.com/articles/11732/20131102/synaptic-transi' for key 'url'")
(1062, "Duplicate entry 'http://www.forbes.com/sites/melaniehaiken/2013/10/22/researchers' for key 'url'")
(1062, "Duplicate entry 'http://www.futurity.org/lefties-likely-schizophrenic/' for key 'url'")
(1062, "Duplicate entry 'http://www.sci-news.com/space/science-microgravity-aging-01512.h' for key 'url'")
(1062, "Duplicate entry 'http://www.sci-news.com/biology/science-mortlock-flying-fox-bat-' for key 'url'")
(1062, "Duplicate entry 'http://news.utoronto.ca/mindful-people-less-affected-positive-fe' for key 'url'")
(1062, "Duplicate entry 'http://www.sci-news.com/biology/science-eyes-arctic-reindeer-015' for key 'url'")
(1062, "Duplicate entry 'http://www.sci-news.com/othersciences/anthropology/science-tuber' for key 'url'")
(1062, "Duplicate entry 'http://www.eurekalert.org/pub_releases/2013-11/si-sfa110113.php' for key 'url'")
we saved 160 total links from reddit
scraped all feeds in 24.831056269 minutes
we saved 11 total links from http://feeds.huffingtonpost.com/huffingtonpost/raw_feed
we saved 0 total links from http://feeds.huffingtonpost.com/huffingtonpost/LatestNews
we saved 15 total links from http://feeds.huffingtonpost.com/huffingtonpost/TheBlog
we saved 3 total links from http://feeds.huffingtonpost.com/FeaturedPosts
we saved 19 total links from http://www.huffingtonpost.com/feeds/original_posts/index.xml
we saved 1 total links from http://www.huffingtonpost.com/wires/full_index.rdf
we saved 30 total links from http://rss.cnn.com/rss/cnn_topstories.rss
we saved 27 total links from http://rss.cnn.com/rss/cnn_latest.rss
we saved 4 total links from http://rss.time.com/web/time/rss/top/index.xml
we saved 22 total links from http://pandodaily.com/feed/
we saved 10 total links from http://pandodaily.com/comments/feed/
we saved 36 total links from http://feeds.feedburner.com/foxnews/latest
we saved 18 total links from http://feeds.feedburner.com/TechCrunch
we saved 73 total links from http://feeds.bbci.co.uk/news/rss.xml
we saved 8 total links from http://feeds.feedburner.com/AtlanticPoliticsChannel
we saved 9 total links from http://feeds.feedburner.com/AtlanticScienceAndTechnology
we saved 27 total links from http://www.vice.com/en_au/rss
feedparser unable to parse
(1062, "Duplicate entry 'http://www.twitch.tv/vicerye' for key 'url'")
(1062, "Duplicate entry 'http://i.imgur.com/WwLDEj1.gif' for key 'url'")
(1062, "Duplicate entry 'http://www.engadget.com/2013/11/01/delta-and-jetblue-get-approva' for key 'url'")
(1062, "Duplicate entry 'http://i.imgur.com/N7XcRMC.jpg' for key 'url'")
(1062, "Duplicate entry 'http://www.usatoday.com/story/news/nation/2013/11/01/dawson-ga-m' for key 'url'")
(1062, "Duplicate entry 'http://i.imgur.com/QkmuF6T.jpg' for key 'url'")
(1062, "Duplicate entry 'http://imgur.com/EO4y2MX' for key 'url'")
(1062, "Duplicate entry 'http://imgur.com/reKXPpc' for key 'url'")
(1062, "Duplicate entry 'http://i.imgur.com/SML4lX9.jpg' for key 'url'")
(1062, "Duplicate entry 'http://www.twitch.tv/vicerye' for key 'url'")
(1062, "Duplicate entry 'http://i.imgur.com/HijrTkV.jpg' for key 'url'")
(1062, "Duplicate entry 'http://www.thenational.ae/uae/government/fnc-wants-tougher-laws-' for key 'url'")
(1062, "Duplicate entry 'http://www.ideastream.org/news/npr/242542146' for key 'url'")
(1062, "Duplicate entry 'http://www.aljazeera.com/news/africa/2013/11/two-french-journali' for key 'url'")
(1062, "Duplicate entry 'http://www.vanguardngr.com/2013/11/25-students-coma-inhaling-ind' for key 'url'")
(1062, "Duplicate entry 'http://www.theguardian.com/world/2013/nov/02/nsa-portrait-total-' for key 'url'")
(1062, "Duplicate entry 'http://america.aljazeera.com/articles/2013/11/2/report-europe-sp' for key 'url'")
(1062, "Duplicate entry 'http://www.reuters.com/article/2013/11/02/us-europe-surveillance' for key 'url'")
(1062, "Duplicate entry 'http://www.thehindu.com/sci-tech/science/mars-mission-launch-cle' for key 'url'")
(1062, "Duplicate entry 'http://www.aljazeera.com/programmes/talktojazeera/2013/10/jose-m' for key 'url'")
(1062, "Duplicate entry 'http://www.ft.com/cms/s/2/dacd1f84-41bf-11e3-b064-00144feabdc0.h' for key 'url'")
(1062, "Duplicate entry 'http://www.presstv.ir/detail/2013/11/02/332624/nsa-employees-fol' for key 'url'")
(1062, "Duplicate entry 'http://www.theguardian.com/world/2013/nov/01/nsa-data-collection' for key 'url'")
(1062, "Duplicate entry 'http://www.libyaherald.com/?p=45504' for key 'url'")
(1062, "Duplicate entry 'http://news.antiwar.com/2013/11/01/israel-to-demolish-homes-of-1' for key 'url'")
(1062, "Duplicate entry 'http://www.usatoday.com/story/news/nation/2013/11/01/dawson-ga-m' for key 'url'")
(1062, "Duplicate entry 'http://www.theguardian.com/world/2013/nov/01/nsa-data-collection' for key 'url'")
(1062, "Duplicate entry 'http://news.msn.com/us/mich-man-says-he-tipped-fbi-to-bin-ladens' for key 'url'")
(1062, "Duplicate entry 'http://www.geek.com/apps/chinese-appliances-are-shipping-with-ma' for key 'url'")
(1062, "Duplicate entry 'http://www.reuters.com/article/2013/11/01/us-uk-nsa-idUSBRE9A013' for key 'url'")
(1062, "Duplicate entry 'http://news.yahoo.com/germany-france-spain-carry-mass-surveillan' for key 'url'")
(1062, "Duplicate entry 'http://www.engadget.com/2013/11/01/delta-and-jetblue-get-approva' for key 'url'")
(1062, "Duplicate entry 'http://www.geek.com/apps/chinese-appliances-are-shipping-with-ma' for key 'url'")
(1062, "Duplicate entry 'http://www.reddit.com/r/science/comments/1pmv3w/verified_user_ac' for key 'url'")
(1062, "Duplicate entry 'http://www-public.jcu.edu.au/news/current/JCU_130192' for key 'url'")
(1062, "Duplicate entry 'http://www.itechpost.com/articles/11732/20131102/synaptic-transi' for key 'url'")
(1062, "Duplicate entry 'http://www.futurity.org/lefties-likely-schizophrenic/' for key 'url'")
(1062, "Duplicate entry 'http://www.sci-news.com/space/science-microgravity-aging-01512.h' for key 'url'")
(1062, "Duplicate entry 'http://www.sci-news.com/biology/science-mortlock-flying-fox-bat-' for key 'url'")
(1062, "Duplicate entry 'http://news.utoronto.ca/mindful-people-less-affected-positive-fe' for key 'url'")
(1062, "Duplicate entry 'http://www.sci-news.com/othersciences/anthropology/science-tuber' for key 'url'")
(1062, "Duplicate entry 'http://www.eurekalert.org/pub_releases/2013-11/si-sfa110113.php' for key 'url'")
(1062, "Duplicate entry 'http://researchnews.osu.edu/archive/supernova50.htm' for key 'url'")
we saved 142 total links from reddit
scraped all feeds in 21.5710691333 minutes
we saved 9 total links from http://feeds.huffingtonpost.com/huffingtonpost/raw_feed
we saved 0 total links from http://feeds.huffingtonpost.com/huffingtonpost/LatestNews
we saved 13 total links from http://feeds.huffingtonpost.com/huffingtonpost/TheBlog
we saved 3 total links from http://feeds.huffingtonpost.com/FeaturedPosts
we saved 29 total links from http://www.huffingtonpost.com/feeds/original_posts/index.xml
we saved 1 total links from http://www.huffingtonpost.com/wires/full_index.rdf
we saved 41 total links from http://rss.cnn.com/rss/cnn_topstories.rss
we saved 21 total links from http://rss.cnn.com/rss/cnn_latest.rss
we saved 5 total links from http://rss.time.com/web/time/rss/top/index.xml
we saved 19 total links from http://pandodaily.com/feed/
we saved 10 total links from http://pandodaily.com/comments/feed/
we saved 37 total links from http://feeds.feedburner.com/foxnews/latest
we saved 19 total links from http://feeds.feedburner.com/TechCrunch
we saved 74 total links from http://feeds.bbci.co.uk/news/rss.xml
we saved 14 total links from http://feeds.feedburner.com/AtlanticPoliticsChannel
we saved 12 total links from http://feeds.feedburner.com/AtlanticScienceAndTechnology
we saved 19 total links from http://www.vice.com/en_au/rss
feedparser unable to parse
(1062, "Duplicate entry 'http://www.thenational.ae/uae/government/fnc-wants-tougher-laws-' for key 'url'")
(1062, "Duplicate entry 'http://www.engadget.com/2013/11/01/delta-and-jetblue-get-approva' for key 'url'")
(1062, "Duplicate entry 'http://www-public.jcu.edu.au/news/current/JCU_130192' for key 'url'")
(1062, "Duplicate entry 'http://www.slate.com/articles/arts/books/2012/11/kurt_vonnegut_t' for key 'url'")
(1062, "Duplicate entry 'http://imgur.com/gallery/9cJkkhi' for key 'url'")
(1062, "Duplicate entry 'http://i.imgur.com/TMvoTtv.jpg' for key 'url'")
(1062, "Duplicate entry 'http://imgur.com/EO4y2MX' for key 'url'")
(1062, "Duplicate entry 'http://i.imgur.com/ZJULGXe.png' for key 'url'")
(1062, "Duplicate entry 'http://i.imgur.com/SML4lX9.jpg' for key 'url'")
(1062, "Duplicate entry 'http://i.imgur.com/HijrTkV.jpg' for key 'url'")
(1062, "Duplicate entry 'http://www.twitch.tv/vicerye' for key 'url'")
(1062, "Duplicate entry 'http://www.thenational.ae/uae/government/fnc-wants-tougher-laws-' for key 'url'")
(1062, "Duplicate entry 'http://www.ideastream.org/news/npr/242542146' for key 'url'")
(1062, "Duplicate entry 'http://www.aljazeera.com/news/africa/2013/11/two-french-journali' for key 'url'")
(1062, "Duplicate entry 'http://www.vanguardngr.com/2013/11/25-students-coma-inhaling-ind' for key 'url'")
(1062, "Duplicate entry 'http://www.theguardian.com/world/2013/nov/02/nsa-portrait-total-' for key 'url'")
(1062, "Duplicate entry 'http://america.aljazeera.com/articles/2013/11/2/report-europe-sp' for key 'url'")
(1062, "Duplicate entry 'http://www.thehindu.com/sci-tech/science/mars-mission-launch-cle' for key 'url'")
(1062, "Duplicate entry 'http://www.reuters.com/article/2013/11/02/us-europe-surveillance' for key 'url'")
(1062, "Duplicate entry 'http://www.aljazeera.com/programmes/talktojazeera/2013/10/jose-m' for key 'url'")
(1062, "Duplicate entry 'http://www.ft.com/cms/s/2/dacd1f84-41bf-11e3-b064-00144feabdc0.h' for key 'url'")
(1062, "Duplicate entry 'http://www.theguardian.com/world/2013/nov/01/nsa-data-collection' for key 'url'")
(1062, "Duplicate entry 'http://www.washingtonpost.com/blogs/the-switch/wp/2013/11/01/sea' for key 'url'")
(1062, "Duplicate entry 'http://www.usatoday.com/story/news/nation/2013/11/01/dawson-ga-m' for key 'url'")
(1062, "Duplicate entry 'http://www.theguardian.com/world/2013/nov/01/nsa-data-collection' for key 'url'")
(1062, "Duplicate entry 'http://www.independent.co.uk/news/world/europe/resistance-heroin' for key 'url'")
(1062, "Duplicate entry 'http://news.msn.com/us/mich-man-says-he-tipped-fbi-to-bin-ladens' for key 'url'")
(1062, "Duplicate entry 'http://www.geek.com/apps/chinese-appliances-are-shipping-with-ma' for key 'url'")
(1062, "Duplicate entry 'http://www.reuters.com/article/2013/11/01/us-uk-nsa-idUSBRE9A013' for key 'url'")
(1062, "Duplicate entry 'http://news.yahoo.com/germany-france-spain-carry-mass-surveillan' for key 'url'")
(1062, "Duplicate entry 'http://www.engadget.com/2013/11/01/delta-and-jetblue-get-approva' for key 'url'")
(1062, "Duplicate entry 'http://www.geek.com/apps/chinese-appliances-are-shipping-with-ma' for key 'url'")
(1062, "Duplicate entry 'http://www.itechpost.com/articles/11732/20131102/synaptic-transi' for key 'url'")
(1062, "Duplicate entry 'http://www.reddit.com/r/science/comments/1pmv3w/verified_user_ac' for key 'url'")
(1062, "Duplicate entry 'http://www-public.jcu.edu.au/news/current/JCU_130192' for key 'url'")
(1062, "Duplicate entry 'http://www.itechpost.com/articles/11732/20131102/synaptic-transi' for key 'url'")
(1062, "Duplicate entry 'http://www.futurity.org/lefties-likely-schizophrenic/' for key 'url'")
(1062, "Duplicate entry 'http://www.sci-news.com/space/science-microgravity-aging-01512.h' for key 'url'")
(1062, "Duplicate entry 'http://www.sci-news.com/biology/science-mortlock-flying-fox-bat-' for key 'url'")
(1062, "Duplicate entry 'http://news.utoronto.ca/mindful-people-less-affected-positive-fe' for key 'url'")
(1062, "Duplicate entry 'http://www.eurekalert.org/pub_releases/2013-11/si-sfa110113.php' for key 'url'")
(1062, "Duplicate entry 'http://www.sci-news.com/othersciences/anthropology/science-tuber' for key 'url'")
we saved 142 total links from reddit
scraped all feeds in 21.3779204686 minutes
we saved 15 total links from http://feeds.huffingtonpost.com/huffingtonpost/raw_feed
we saved 0 total links from http://feeds.huffingtonpost.com/huffingtonpost/LatestNews
we saved 9 total links from http://feeds.huffingtonpost.com/huffingtonpost/TheBlog
we saved 1 total links from http://feeds.huffingtonpost.com/FeaturedPosts
we saved 16 total links from http://www.huffingtonpost.com/feeds/original_posts/index.xml
we saved 1 total links from http://www.huffingtonpost.com/wires/full_index.rdf
we saved 36 total links from http://rss.cnn.com/rss/cnn_topstories.rss
we saved 27 total links from http://rss.cnn.com/rss/cnn_latest.rss
we saved 6 total links from http://rss.time.com/web/time/rss/top/index.xml
we saved 22 total links from http://pandodaily.com/feed/
we saved 10 total links from http://pandodaily.com/comments/feed/
we saved 34 total links from http://feeds.feedburner.com/foxnews/latest
we saved 7 total links from http://feeds.feedburner.com/TechCrunch
we saved 77 total links from http://feeds.bbci.co.uk/news/rss.xml
we saved 16 total links from http://feeds.feedburner.com/AtlanticPoliticsChannel
we saved 17 total links from http://feeds.feedburner.com/AtlanticScienceAndTechnology
we saved 23 total links from http://www.vice.com/en_au/rss
feedparser unable to parse
(1062, "Duplicate entry 'http://www.thenational.ae/uae/government/fnc-wants-tougher-laws-' for key 'url'")
(1062, "Duplicate entry 'http://i.imgur.com/TMvoTtv.jpg' for key 'url'")
(1062, "Duplicate entry 'http://imgur.com/EO4y2MX' for key 'url'")
(1062, "Duplicate entry 'http://i.imgur.com/fAKj6Nf.jpg' for key 'url'")
(1062, "Duplicate entry 'http://imgur.com/e4uKhTG' for key 'url'")
(1062, "Duplicate entry 'http://www.twitch.tv/vicerye' for key 'url'")
(1062, "Duplicate entry 'http://i.imgur.com/ouc0YMq.jpg' for key 'url'")
(1062, "Duplicate entry 'http://imgur.com/ArNJ41m' for key 'url'")
(1062, "Duplicate entry 'http://imgur.com/wrJrCUP' for key 'url'")
(1062, "Duplicate entry 'http://www.telegraph.co.uk/news/uknews/crime/10421076/Police-sus' for key 'url'")
(1062, "Duplicate entry 'http://www.thenational.ae/uae/government/fnc-wants-tougher-laws-' for key 'url'")
(1062, "Duplicate entry 'http://www.ideastream.org/news/npr/242542146' for key 'url'")
(1062, "Duplicate entry 'http://qz.com/142551/brazil-thinks-its-being-colonized-by-china-' for key 'url'")
(1062, "Duplicate entry 'http://www.aljazeera.com/news/africa/2013/11/two-french-journali' for key 'url'")
(1062, "Duplicate entry 'http://www.theguardian.com/world/2013/nov/02/nsa-portrait-total-' for key 'url'")
(1062, "Duplicate entry 'http://www.vanguardngr.com/2013/11/25-students-coma-inhaling-ind' for key 'url'")
(1062, "Duplicate entry 'http://www.thehindu.com/sci-tech/science/mars-mission-launch-cle' for key 'url'")
(1062, "Duplicate entry 'http://america.aljazeera.com/articles/2013/11/2/report-europe-sp' for key 'url'")
(1062, "Duplicate entry 'http://www.washingtonpost.com/blogs/the-switch/wp/2013/11/01/sea' for key 'url'")
(1062, "Duplicate entry 'http://www.usatoday.com/story/news/nation/2013/11/01/dawson-ga-m' for key 'url'")
(1062, "Duplicate entry 'http://www.independent.co.uk/news/world/europe/resistance-heroin' for key 'url'")
(1062, "Duplicate entry 'http://www.theguardian.com/world/2013/nov/01/nsa-data-collection' for key 'url'")
(1062, "Duplicate entry 'http://news.msn.com/us/mich-man-says-he-tipped-fbi-to-bin-ladens' for key 'url'")
(1062, "Duplicate entry 'http://www.geek.com/apps/chinese-appliances-are-shipping-with-ma' for key 'url'")
(1062, "Duplicate entry 'http://www.reuters.com/article/2013/11/01/us-uk-nsa-idUSBRE9A013' for key 'url'")
(1062, "Duplicate entry 'http://qz.com/142588/on-north-koreas-surprisingly-amazing-tablet' for key 'url'")
(1062, "Duplicate entry 'http://www.engadget.com/2013/11/01/delta-and-jetblue-get-approva' for key 'url'")
(1062, "Duplicate entry 'http://www.geek.com/apps/chinese-appliances-are-shipping-with-ma' for key 'url'")
(1062, "Duplicate entry 'http://www.itechpost.com/articles/11732/20131102/synaptic-transi' for key 'url'")
(1062, "Duplicate entry 'http://www.reddit.com/r/science/comments/1pmv3w/verified_user_ac' for key 'url'")
(1062, "Duplicate entry 'http://journals.lww.com/plasreconsurg/Fulltext/2013/11000/Facial' for key 'url'")
(1062, "Duplicate entry 'http://www-public.jcu.edu.au/news/current/JCU_130192' for key 'url'")
(1062, "Duplicate entry 'http://www.itechpost.com/articles/11732/20131102/synaptic-transi' for key 'url'")
(1062, "Duplicate entry 'http://www.futurity.org/lefties-likely-schizophrenic/' for key 'url'")
(1062, "Duplicate entry 'http://www.sci-news.com/space/science-microgravity-aging-01512.h' for key 'url'")
we saved 140 total links from reddit
scraped all feeds in 21.3023151159 minutes
we saved 15 total links from http://feeds.huffingtonpost.com/huffingtonpost/raw_feed
we saved 0 total links from http://feeds.huffingtonpost.com/huffingtonpost/LatestNews
we saved 10 total links from http://feeds.huffingtonpost.com/huffingtonpost/TheBlog
we saved 2 total links from http://feeds.huffingtonpost.com/FeaturedPosts
we saved 28 total links from http://www.huffingtonpost.com/feeds/original_posts/index.xml
we saved 1 total links from http://www.huffingtonpost.com/wires/full_index.rdf
we saved 50 total links from http://rss.cnn.com/rss/cnn_topstories.rss
we saved 31 total links from http://rss.cnn.com/rss/cnn_latest.rss
we saved 6 total links from http://rss.time.com/web/time/rss/top/index.xml
we saved 23 total links from http://pandodaily.com/feed/
we saved 10 total links from http://pandodaily.com/comments/feed/
we saved 34 total links from http://feeds.feedburner.com/foxnews/latest
we saved 10 total links from http://feeds.feedburner.com/TechCrunch
we saved 78 total links from http://feeds.bbci.co.uk/news/rss.xml
we saved 10 total links from http://feeds.feedburner.com/AtlanticPoliticsChannel
we saved 9 total links from http://feeds.feedburner.com/AtlanticScienceAndTechnology
we saved 23 total links from http://www.vice.com/en_au/rss
feedparser unable to parse
(1062, "Duplicate entry 'http://i.imgur.com/xNRI1dW.jpg' for key 'url'")
(1062, "Duplicate entry 'http://imgur.com/KZqFv1Q' for key 'url'")
(1062, "Duplicate entry 'http://upload.wikimedia.org/wikipedia/en/0/01/I_MAED_A_GAM3_W1TH' for key 'url'")
(1062, "Duplicate entry 'http://imgur.com/ArNJ41m' for key 'url'")
(1062, "Duplicate entry 'http://i.imgur.com/ouc0YMq.jpg' for key 'url'")
(1062, "Duplicate entry 'http://www.telegraph.co.uk/news/uknews/crime/10421076/Police-sus' for key 'url'")
(1062, "Duplicate entry 'http://www.thenational.ae/uae/government/fnc-wants-tougher-laws-' for key 'url'")
(1062, "Duplicate entry 'http://www.ideastream.org/news/npr/242542146' for key 'url'")
(1062, "Duplicate entry 'http://qz.com/142551/brazil-thinks-its-being-colonized-by-china-' for key 'url'")
(1062, "Duplicate entry 'http://www.washingtonpost.com/blogs/the-switch/wp/2013/11/01/sea' for key 'url'")
(1062, "Duplicate entry 'http://www.usatoday.com/story/news/nation/2013/11/01/dawson-ga-m' for key 'url'")
(1062, "Duplicate entry 'http://www.independent.co.uk/news/world/europe/resistance-heroin' for key 'url'")
(1062, "Duplicate entry 'http://www.theguardian.com/world/2013/nov/01/nsa-data-collection' for key 'url'")
(1062, "Duplicate entry 'http://news.msn.com/us/mich-man-says-he-tipped-fbi-to-bin-ladens' for key 'url'")
(1062, "Duplicate entry 'http://qz.com/142588/on-north-koreas-surprisingly-amazing-tablet' for key 'url'")
(1062, "Duplicate entry 'http://www.engadget.com/2013/11/01/delta-and-jetblue-get-approva' for key 'url'")
(1062, "Duplicate entry 'http://www.itechpost.com/articles/11732/20131102/synaptic-transi' for key 'url'")
(1062, "Duplicate entry 'http://www.geek.com/apps/chinese-appliances-are-shipping-with-ma' for key 'url'")
(1062, "Duplicate entry 'http://www.reddit.com/r/science/comments/1pmv3w/verified_user_ac' for key 'url'")
(1062, "Duplicate entry 'http://journals.lww.com/plasreconsurg/Fulltext/2013/11000/Facial' for key 'url'")
(1062, "Duplicate entry 'http://www-public.jcu.edu.au/news/current/JCU_130192' for key 'url'")
(1062, "Duplicate entry 'http://www.itechpost.com/articles/11732/20131102/synaptic-transi' for key 'url'")
(1062, "Duplicate entry 'http://www.futurity.org/lefties-likely-schizophrenic/' for key 'url'")
we saved 156 total links from reddit
scraped all feeds in 21.1331725359 minutes
we saved 15 total links from http://feeds.huffingtonpost.com/huffingtonpost/raw_feed
we saved 0 total links from http://feeds.huffingtonpost.com/huffingtonpost/LatestNews
we saved 8 total links from http://feeds.huffingtonpost.com/huffingtonpost/TheBlog
we saved 1 total links from http://feeds.huffingtonpost.com/FeaturedPosts
we saved 23 total links from http://www.huffingtonpost.com/feeds/original_posts/index.xml
we saved 1 total links from http://www.huffingtonpost.com/wires/full_index.rdf
we saved 52 total links from http://rss.cnn.com/rss/cnn_topstories.rss
we saved 32 total links from http://rss.cnn.com/rss/cnn_latest.rss
we saved 6 total links from http://rss.time.com/web/time/rss/top/index.xml
we saved 23 total links from http://pandodaily.com/feed/
we saved 10 total links from http://pandodaily.com/comments/feed/
we saved 20 total links from http://feeds.feedburner.com/foxnews/latest
we saved 12 total links from http://feeds.feedburner.com/TechCrunch
we saved 78 total links from http://feeds.bbci.co.uk/news/rss.xml
we saved 13 total links from http://feeds.feedburner.com/AtlanticPoliticsChannel
we saved 14 total links from http://feeds.feedburner.com/AtlanticScienceAndTechnology
we saved 25 total links from http://www.vice.com/en_au/rss
feedparser unable to parse
(1062, "Duplicate entry 'http://i.imgur.com/RJgUa0Y.jpg' for key 'url'")
(1062, "Duplicate entry 'http://i.imgur.com/8rKPy8L.jpg' for key 'url'")
(1062, "Duplicate entry 'http://i.imgur.com/RCDjVbm.jpg' for key 'url'")
(1062, "Duplicate entry 'http://i.imgur.com/RbFwRMk.jpg' for key 'url'")
(1062, "Duplicate entry 'http://upload.wikimedia.org/wikipedia/en/0/01/I_MAED_A_GAM3_W1TH' for key 'url'")
(1062, "Duplicate entry 'http://www.telegraph.co.uk/news/uknews/crime/10421076/Police-sus' for key 'url'")
(1062, "Duplicate entry 'http://www.thenational.ae/uae/government/fnc-wants-tougher-laws-' for key 'url'")
(1062, "Duplicate entry 'http://www.ideastream.org/news/npr/242542146' for key 'url'")
(1062, "Duplicate entry 'http://qz.com/142551/brazil-thinks-its-being-colonized-by-china-' for key 'url'")
(1062, "Duplicate entry 'http://www.washingtonpost.com/blogs/the-switch/wp/2013/11/01/sea' for key 'url'")
(1062, "Duplicate entry 'http://www.usatoday.com/story/news/nation/2013/11/01/dawson-ga-m' for key 'url'")
(1062, "Duplicate entry 'http://www.independent.co.uk/news/world/europe/resistance-heroin' for key 'url'")
(1062, "Duplicate entry 'http://www.businessinsider.com/google-employees-confess-the-wors' for key 'url'")
(1062, "Duplicate entry 'http://www.engadget.com/2013/11/01/delta-and-jetblue-get-approva' for key 'url'")
(1062, "Duplicate entry 'http://www.itechpost.com/articles/11732/20131102/synaptic-transi' for key 'url'")
(1062, "Duplicate entry 'http://www.geek.com/apps/chinese-appliances-are-shipping-with-ma' for key 'url'")
(1062, "Duplicate entry 'http://www.reddit.com/r/science/comments/1pmv3w/verified_user_ac' for key 'url'")
(1062, "Duplicate entry 'http://journals.lww.com/plasreconsurg/Fulltext/2013/11000/Facial' for key 'url'")
(1062, "Duplicate entry 'http://www-public.jcu.edu.au/news/current/JCU_130192' for key 'url'")
(1062, "Duplicate entry 'http://www.itechpost.com/articles/11732/20131102/synaptic-transi' for key 'url'")
we saved 171 total links from reddit
scraped all feeds in 20.7043068488 minutes
